<?xml version="1.0" encoding="UTF-8"?>
<!-- Generated by org.testng.reporters.JUnitReportReporter -->
<testsuite hostname="HP-PC" failures="0" tests="1" name="com.sauceDemo.testcases.TC07_SelectMultipleProductAtTime" time="8.399" errors="0" timestamp="2022-10-10T11:04:25 IST" skipped="0">
  <testcase classname="com.sauceDemo.testcases.TC07_SelectMultipleProductAtTime" name="SelectMultipleProductAtTime" time="8.399"/>
  <system-out/>
</testsuite> <!-- com.sauceDemo.testcases.TC07_SelectMultipleProductAtTime -->
