<?xml version="1.0" encoding="UTF-8"?>
<!-- Generated by org.testng.reporters.JUnitReportReporter -->
<testsuite hostname="HP-PC" failures="0" tests="1" name="com.sauceDemo.testcases.TC02_LogOutFunctionality_Test" time="12.466" errors="0" timestamp="2022-10-10T11:04:25 IST" skipped="0">
  <testcase classname="com.sauceDemo.testcases.TC02_LogOutFunctionality_Test" name="LogOutFuncionality" time="12.466"/>
  <system-out/>
</testsuite> <!-- com.sauceDemo.testcases.TC02_LogOutFunctionality_Test -->
